mode: set
github.com/duxweb/go-storage/v2/main.go:17.55,25.16 3 1
github.com/duxweb/go-storage/v2/main.go:25.16,27.3 1 0
github.com/duxweb/go-storage/v2/main.go:29.2,31.38 2 1
github.com/duxweb/go-storage/v2/main.go:31.38,32.54 1 0
github.com/duxweb/go-storage/v2/main.go:32.54,36.4 1 0
github.com/duxweb/go-storage/v2/main.go:37.8,38.54 1 1
github.com/duxweb/go-storage/v2/main.go:38.54,40.4 1 1
github.com/duxweb/go-storage/v2/main.go:43.2,46.8 1 1
github.com/duxweb/go-storage/v2/main.go:49.46,51.25 2 1
github.com/duxweb/go-storage/v2/main.go:51.25,53.3 1 0
github.com/duxweb/go-storage/v2/main.go:54.2,54.36 1 1
github.com/duxweb/go-storage/v2/main.go:63.3,66.16 2 0
github.com/duxweb/go-storage/v2/main.go:66.16,68.3 1 0
github.com/duxweb/go-storage/v2/main.go:69.2,71.8 1 0
github.com/duxweb/go-storage/v2/main.go:79.80,82.2 2 1
github.com/duxweb/go-storage/v2/main.go:84.87,91.16 3 1
github.com/duxweb/go-storage/v2/main.go:91.16,93.3 1 0
github.com/duxweb/go-storage/v2/main.go:94.2,94.12 1 1
github.com/duxweb/go-storage/v2/main.go:97.72,99.16 2 1
github.com/duxweb/go-storage/v2/main.go:99.16,101.3 1 0
github.com/duxweb/go-storage/v2/main.go:102.2,103.16 2 1
github.com/duxweb/go-storage/v2/main.go:103.16,105.3 1 0
github.com/duxweb/go-storage/v2/main.go:106.2,106.25 1 1
github.com/duxweb/go-storage/v2/main.go:109.81,116.16 3 1
github.com/duxweb/go-storage/v2/main.go:116.16,118.3 1 0
github.com/duxweb/go-storage/v2/main.go:120.2,120.22 1 1
github.com/duxweb/go-storage/v2/main.go:123.64,130.16 3 1
github.com/duxweb/go-storage/v2/main.go:130.16,132.3 1 0
github.com/duxweb/go-storage/v2/main.go:133.2,133.12 1 1
github.com/duxweb/go-storage/v2/main.go:136.77,141.2 4 1
github.com/duxweb/go-storage/v2/main.go:143.78,149.74 3 1
github.com/duxweb/go-storage/v2/main.go:149.74,151.3 1 1
github.com/duxweb/go-storage/v2/main.go:152.2,152.16 1 1
github.com/duxweb/go-storage/v2/main.go:152.16,154.3 1 0
github.com/duxweb/go-storage/v2/main.go:155.2,155.21 1 1
github.com/duxweb/go-storage/v2/main.go:158.113,164.79 3 1
github.com/duxweb/go-storage/v2/main.go:164.79,166.3 1 1
github.com/duxweb/go-storage/v2/main.go:167.2,167.16 1 1
github.com/duxweb/go-storage/v2/main.go:167.16,169.3 1 0
github.com/duxweb/go-storage/v2/main.go:170.2,170.33 1 1
github.com/duxweb/go-storage/v2/main.go:173.86,179.74 3 1
github.com/duxweb/go-storage/v2/main.go:179.74,181.3 1 1
github.com/duxweb/go-storage/v2/main.go:182.2,182.16 1 1
github.com/duxweb/go-storage/v2/main.go:182.16,184.3 1 0
github.com/duxweb/go-storage/v2/main.go:185.2,185.21 1 1
